# JRE version: OpenJDK Runtime Environment Temurin-17.0.2+8 (17.0.2+8) (build 17.0.2+8)
# Java VM: OpenJDK 64-Bit Server VM Temurin-17.0.2+8 (17.0.2+8, mixed mode, tiered, compressed oops, compressed class ptrs, parallel gc, windows-amd64)
GC Precious Log:
 CPUs: 8 total, 8 available
 Memory: 7991M
 Large Page Support: Disabled
 NUMA Support: Disabled
 Compressed Oops: Enabled (32-bit)
 Alignments: Space 512K, Generation 512K, Heap 2M
 Heap Min Capacity: 100M
 Heap Initial Capacity: 100M
 Heap Max Capacity: 1G
 Pre-touch: Disabled
 Parallel Workers: 8
Heap:
 PSYoungGen      total 17920K, used 8376K [0x00000000eab00000, 0x00000000ec280000, 0x0000000100000000)
  eden space 13312K, 29% used [0x00000000eab00000,0x00000000eaece748,0x00000000eb800000)
  from space 4608K, 97% used [0x00000000ebe00000,0x00000000ec25f8c0,0x00000000ec280000)
  to   space 5120K, 0% used [0x00000000eb880000,0x00000000eb880000,0x00000000ebd80000)
 ParOldGen       total 123904K, used 99737K [0x00000000c0000000, 0x00000000c7900000, 0x00000000eab00000)
  object space 123904K, 80% used [0x00000000c0000000,0x00000000c6166458,0x00000000c7900000)
 Metaspace       used 54394K, committed 55232K, reserved 1097728K
  class space    used 6398K, committed 6720K, reserved 1048576K
GC Heap History (20 events):
Event: 5.778 GC heap before
{Heap before GC invocations=26 (full 3):
 PSYoungGen      total 22016K, used 21714K [0x00000000eab00000, 0x00000000ec900000, 0x0000000100000000)
  eden space 17408K, 100% used [0x00000000eab00000,0x00000000ebc00000,0x00000000ebc00000)
  from space 4608K, 93% used [0x00000000ebf00000,0x00000000ec334af8,0x00000000ec380000)
  to   space 4608K, 0% used [0x00000000ec480000,0x00000000ec480000,0x00000000ec900000)
 ParOldGen       total 96256K, used 66333K [0x00000000c0000000, 0x00000000c5e00000, 0x00000000eab00000)
  object space 96256K, 68% used [0x00000000c0000000,0x00000000c40c77d0,0x00000000c5e00000)
 Metaspace       used 50267K, committed 51072K, reserved 1097728K
  class space    used 5761K, committed 6080K, reserved 1048576K
}
Event: 5.782 GC heap after
{Heap after GC invocations=26 (full 3):
 PSYoungGen      total 21504K, used 3964K [0x00000000eab00000, 0x00000000ec880000, 0x0000000100000000)
  eden space 17408K, 0% used [0x00000000eab00000,0x00000000eab00000,0x00000000ebc00000)
  from space 4096K, 96% used [0x00000000ec480000,0x00000000ec85f0d0,0x00000000ec880000)
  to   space 4608K, 0% used [0x00000000ebf80000,0x00000000ebf80000,0x00000000ec400000)
 ParOldGen       total 96256K, used 70452K [0x00000000c0000000, 0x00000000c5e00000, 0x00000000eab00000)
  object space 96256K, 73% used [0x00000000c0000000,0x00000000c44cd240,0x00000000c5e00000)
 Metaspace       used 50267K, committed 51072K, reserved 1097728K
  class space    used 5761K, committed 6080K, reserved 1048576K
}
Event: 5.836 GC heap before
{Heap before GC invocations=27 (full 3):
 PSYoungGen      total 21504K, used 21372K [0x00000000eab00000, 0x00000000ec880000, 0x0000000100000000)
  eden space 17408K, 100% used [0x00000000eab00000,0x00000000ebc00000,0x00000000ebc00000)
  from space 4096K, 96% used [0x00000000ec480000,0x00000000ec85f0d0,0x00000000ec880000)
  to   space 4608K, 0% used [0x00000000ebf80000,0x00000000ebf80000,0x00000000ec400000)
 ParOldGen       total 96256K, used 70452K [0x00000000c0000000, 0x00000000c5e00000, 0x00000000eab00000)
  object space 96256K, 73% used [0x00000000c0000000,0x00000000c44cd240,0x00000000c5e00000)
 Metaspace       used 50647K, committed 51456K, reserved 1097728K
  class space    used 5831K, committed 6144K, reserved 1048576K
}
Event: 5.840 GC heap after
{Heap after GC invocations=27 (full 3):
 PSYoungGen      total 21504K, used 3868K [0x00000000eab00000, 0x00000000ec500000, 0x0000000100000000)
  eden space 17408K, 0% used [0x00000000eab00000,0x00000000eab00000,0x00000000ebc00000)
  from space 4096K, 94% used [0x00000000ebf80000,0x00000000ec347328,0x00000000ec380000)
  to   space 1536K, 0% used [0x00000000ec380000,0x00000000ec380000,0x00000000ec500000)
 ParOldGen       total 96256K, used 74293K [0x00000000c0000000, 0x00000000c5e00000, 0x00000000eab00000)
  object space 96256K, 77% used [0x00000000c0000000,0x00000000c488d560,0x00000000c5e00000)
 Metaspace       used 50647K, committed 51456K, reserved 1097728K
  class space    used 5831K, committed 6144K, reserved 1048576K
}
Event: 5.879 GC heap before
{Heap before GC invocations=28 (full 3):
 PSYoungGen      total 21504K, used 21276K [0x00000000eab00000, 0x00000000ec500000, 0x0000000100000000)
  eden space 17408K, 100% used [0x00000000eab00000,0x00000000ebc00000,0x00000000ebc00000)
  from space 4096K, 94% used [0x00000000ebf80000,0x00000000ec347328,0x00000000ec380000)
  to   space 1536K, 0% used [0x00000000ec380000,0x00000000ec380000,0x00000000ec500000)
 ParOldGen       total 96256K, used 74293K [0x00000000c0000000, 0x00000000c5e00000, 0x00000000eab00000)
  object space 96256K, 77% used [0x00000000c0000000,0x00000000c488d560,0x00000000c5e00000)
 Metaspace       used 51071K, committed 51840K, reserved 1097728K
  class space    used 5903K, committed 6208K, reserved 1048576K
}
Event: 5.884 GC heap after
{Heap after GC invocations=28 (full 3):
 PSYoungGen      total 17920K, used 1508K [0x00000000eab00000, 0x00000000ecd00000, 0x0000000100000000)
  eden space 16384K, 0% used [0x00000000eab00000,0x00000000eab00000,0x00000000ebb00000)
  from space 1536K, 98% used [0x00000000ec380000,0x00000000ec4f9380,0x00000000ec500000)
  to   space 8704K, 0% used [0x00000000ebb00000,0x00000000ebb00000,0x00000000ec380000)
 ParOldGen       total 96256K, used 80521K [0x00000000c0000000, 0x00000000c5e00000, 0x00000000eab00000)
  object space 96256K, 83% used [0x00000000c0000000,0x00000000c4ea2408,0x00000000c5e00000)
 Metaspace       used 51071K, committed 51840K, reserved 1097728K
  class space    used 5903K, committed 6208K, reserved 1048576K
}
Event: 5.924 GC heap before
{Heap before GC invocations=29 (full 3):
 PSYoungGen      total 17920K, used 17892K [0x00000000eab00000, 0x00000000ecd00000, 0x0000000100000000)
  eden space 16384K, 100% used [0x00000000eab00000,0x00000000ebb00000,0x00000000ebb00000)
  from space 1536K, 98% used [0x00000000ec380000,0x00000000ec4f9380,0x00000000ec500000)
  to   space 8704K, 0% used [0x00000000ebb00000,0x00000000ebb00000,0x00000000ec380000)
 ParOldGen       total 96256K, used 80521K [0x00000000c0000000, 0x00000000c5e00000, 0x00000000eab00000)
  object space 96256K, 83% used [0x00000000c0000000,0x00000000c4ea2408,0x00000000c5e00000)
 Metaspace       used 51555K, committed 52416K, reserved 1097728K
  class space    used 5964K, committed 6272K, reserved 1048576K
}
Event: 5.927 GC heap after
{Heap after GC invocations=29 (full 3):
 PSYoungGen      total 19968K, used 3450K [0x00000000eab00000, 0x00000000ec500000, 0x0000000100000000)
  eden space 16384K, 0% used [0x00000000eab00000,0x00000000eab00000,0x00000000ebb00000)
  from space 3584K, 96% used [0x00000000ebb00000,0x00000000ebe5e908,0x00000000ebe80000)
  to   space 5120K, 0% used [0x00000000ec000000,0x00000000ec000000,0x00000000ec500000)
 ParOldGen       total 96256K, used 82048K [0x00000000c0000000, 0x00000000c5e00000, 0x00000000eab00000)
  object space 96256K, 85% used [0x00000000c0000000,0x00000000c50203e0,0x00000000c5e00000)
 Metaspace       used 51555K, committed 52416K, reserved 1097728K
  class space    used 5964K, committed 6272K, reserved 1048576K
}
Event: 5.975 GC heap before
{Heap before GC invocations=30 (full 3):
 PSYoungGen      total 19968K, used 19834K [0x00000000eab00000, 0x00000000ec500000, 0x0000000100000000)
  eden space 16384K, 100% used [0x00000000eab00000,0x00000000ebb00000,0x00000000ebb00000)
  from space 3584K, 96% used [0x00000000ebb00000,0x00000000ebe5e908,0x00000000ebe80000)
  to   space 5120K, 0% used [0x00000000ec000000,0x00000000ec000000,0x00000000ec500000)
 ParOldGen       total 96256K, used 82048K [0x00000000c0000000, 0x00000000c5e00000, 0x00000000eab00000)
  object space 96256K, 85% used [0x00000000c0000000,0x00000000c50203e0,0x00000000c5e00000)
 Metaspace       used 52118K, committed 52992K, reserved 1097728K
  class space    used 6048K, committed 6400K, reserved 1048576K
}
Event: 5.978 GC heap after
{Heap after GC invocations=30 (full 3):
 PSYoungGen      total 20480K, used 3625K [0x00000000eab00000, 0x00000000ec400000, 0x0000000100000000)
  eden space 16384K, 0% used [0x00000000eab00000,0x00000000eab00000,0x00000000ebb00000)
  from space 4096K, 88% used [0x00000000ec000000,0x00000000ec38a480,0x00000000ec400000)
  to   space 4096K, 0% used [0x00000000ebc00000,0x00000000ebc00000,0x00000000ec000000)
 ParOldGen       total 96256K, used 85442K [0x00000000c0000000, 0x00000000c5e00000, 0x00000000eab00000)
  object space 96256K, 88% used [0x00000000c0000000,0x00000000c5370b90,0x00000000c5e00000)
 Metaspace       used 52118K, committed 52992K, reserved 1097728K
  class space    used 6048K, committed 6400K, reserved 1048576K
}
Event: 6.040 GC heap before
{Heap before GC invocations=31 (full 3):
 PSYoungGen      total 20480K, used 20009K [0x00000000eab00000, 0x00000000ec400000, 0x0000000100000000)
  eden space 16384K, 100% used [0x00000000eab00000,0x00000000ebb00000,0x00000000ebb00000)
  from space 4096K, 88% used [0x00000000ec000000,0x00000000ec38a480,0x00000000ec400000)
  to   space 4096K, 0% used [0x00000000ebc00000,0x00000000ebc00000,0x00000000ec000000)
 ParOldGen       total 96256K, used 85442K [0x00000000c0000000, 0x00000000c5e00000, 0x00000000eab00000)
  object space 96256K, 88% used [0x00000000c0000000,0x00000000c5370b90,0x00000000c5e00000)
 Metaspace       used 52558K, committed 53376K, reserved 1097728K
  class space    used 6120K, committed 6464K, reserved 1048576K
}
Event: 6.044 GC heap after
{Heap after GC invocations=31 (full 3):
 PSYoungGen      total 19968K, used 3506K [0x00000000eab00000, 0x00000000ec200000, 0x0000000100000000)
  eden space 16384K, 0% used [0x00000000eab00000,0x00000000eab00000,0x00000000ebb00000)
  from space 3584K, 97% used [0x00000000ebc00000,0x00000000ebf6c8a0,0x00000000ebf80000)
  to   space 2560K, 0% used [0x00000000ebf80000,0x00000000ebf80000,0x00000000ec200000)
 ParOldGen       total 96256K, used 88981K [0x00000000c0000000, 0x00000000c5e00000, 0x00000000eab00000)
  object space 96256K, 92% used [0x00000000c0000000,0x00000000c56e5500,0x00000000c5e00000)
 Metaspace       used 52558K, committed 53376K, reserved 1097728K
  class space    used 6120K, committed 6464K, reserved 1048576K
}
Event: 6.119 GC heap before
{Heap before GC invocations=32 (full 3):
 PSYoungGen      total 19968K, used 19890K [0x00000000eab00000, 0x00000000ec200000, 0x0000000100000000)
  eden space 16384K, 100% used [0x00000000eab00000,0x00000000ebb00000,0x00000000ebb00000)
  from space 3584K, 97% used [0x00000000ebc00000,0x00000000ebf6c8a0,0x00000000ebf80000)
  to   space 2560K, 0% used [0x00000000ebf80000,0x00000000ebf80000,0x00000000ec200000)
 ParOldGen       total 96256K, used 88981K [0x00000000c0000000, 0x00000000c5e00000, 0x00000000eab00000)
  object space 96256K, 92% used [0x00000000c0000000,0x00000000c56e5500,0x00000000c5e00000)
 Metaspace       used 53115K, committed 53888K, reserved 1097728K
  class space    used 6220K, committed 6528K, reserved 1048576K
}
Event: 6.123 GC heap after
{Heap after GC invocations=32 (full 3):
 PSYoungGen      total 15872K, used 2532K [0x00000000eab00000, 0x00000000eca00000, 0x0000000100000000)
  eden space 13312K, 0% used [0x00000000eab00000,0x00000000eab00000,0x00000000eb800000)
  from space 2560K, 98% used [0x00000000ebf80000,0x00000000ec1f9118,0x00000000ec200000)
  to   space 7680K, 0% used [0x00000000eb800000,0x00000000eb800000,0x00000000ebf80000)
 ParOldGen       total 96256K, used 93500K [0x00000000c0000000, 0x00000000c5e00000, 0x00000000eab00000)
  object space 96256K, 97% used [0x00000000c0000000,0x00000000c5b4f0b0,0x00000000c5e00000)
 Metaspace       used 53115K, committed 53888K, reserved 1097728K
  class space    used 6220K, committed 6528K, reserved 1048576K
}
Event: 6.123 GC heap before
{Heap before GC invocations=33 (full 4):
 PSYoungGen      total 15872K, used 2532K [0x00000000eab00000, 0x00000000eca00000, 0x0000000100000000)
  eden space 13312K, 0% used [0x00000000eab00000,0x00000000eab00000,0x00000000eb800000)
  from space 2560K, 98% used [0x00000000ebf80000,0x00000000ec1f9118,0x00000000ec200000)
  to   space 7680K, 0% used [0x00000000eb800000,0x00000000eb800000,0x00000000ebf80000)
 ParOldGen       total 96256K, used 93500K [0x00000000c0000000, 0x00000000c5e00000, 0x00000000eab00000)
  object space 96256K, 97% used [0x00000000c0000000,0x00000000c5b4f0b0,0x00000000c5e00000)
 Metaspace       used 53115K, committed 53888K, reserved 1097728K
  class space    used 6220K, committed 6528K, reserved 1048576K
}
Event: 6.183 GC heap after
{Heap after GC invocations=33 (full 4):
 PSYoungGen      total 20992K, used 0K [0x00000000eab00000, 0x00000000ec700000, 0x0000000100000000)
  eden space 13312K, 0% used [0x00000000eab00000,0x00000000eab00000,0x00000000eb800000)
  from space 7680K, 0% used [0x00000000eb800000,0x00000000eb800000,0x00000000ebf80000)
  to   space 7680K, 0% used [0x00000000ebf80000,0x00000000ebf80000,0x00000000ec700000)
 ParOldGen       total 123904K, used 94261K [0x00000000c0000000, 0x00000000c7900000, 0x00000000eab00000)
  object space 123904K, 76% used [0x00000000c0000000,0x00000000c5c0d650,0x00000000c7900000)
 Metaspace       used 53115K, committed 53888K, reserved 1097728K
  class space    used 6220K, committed 6528K, reserved 1048576K
}
Event: 6.454 GC heap before
{Heap before GC invocations=34 (full 4):
 PSYoungGen      total 20992K, used 13312K [0x00000000eab00000, 0x00000000ec700000, 0x0000000100000000)
  eden space 13312K, 100% used [0x00000000eab00000,0x00000000eb800000,0x00000000eb800000)
  from space 7680K, 0% used [0x00000000eb800000,0x00000000eb800000,0x00000000ebf80000)
  to   space 7680K, 0% used [0x00000000ebf80000,0x00000000ebf80000,0x00000000ec700000)
 ParOldGen       total 123904K, used 94261K [0x00000000c0000000, 0x00000000c7900000, 0x00000000eab00000)
  object space 123904K, 76% used [0x00000000c0000000,0x00000000c5c0d650,0x00000000c7900000)
 Metaspace       used 53929K, committed 54720K, reserved 1097728K
  class space    used 6347K, committed 6656K, reserved 1048576K
}
Event: 6.456 GC heap after
{Heap after GC invocations=34 (full 4):
 PSYoungGen      total 16384K, used 2591K [0x00000000eab00000, 0x00000000ec280000, 0x0000000100000000)
  eden space 13312K, 0% used [0x00000000eab00000,0x00000000eab00000,0x00000000eb800000)
  from space 3072K, 84% used [0x00000000ebf80000,0x00000000ec207ca8,0x00000000ec280000)
  to   space 4608K, 0% used [0x00000000eb980000,0x00000000eb980000,0x00000000ebe00000)
 ParOldGen       total 123904K, used 94269K [0x00000000c0000000, 0x00000000c7900000, 0x00000000eab00000)
  object space 123904K, 76% used [0x00000000c0000000,0x00000000c5c0f650,0x00000000c7900000)
 Metaspace       used 53929K, committed 54720K, reserved 1097728K
  class space    used 6347K, committed 6656K, reserved 1048576K
}
Event: 6.576 GC heap before
{Heap before GC invocations=35 (full 4):
 PSYoungGen      total 16384K, used 15898K [0x00000000eab00000, 0x00000000ec280000, 0x0000000100000000)
  eden space 13312K, 99% used [0x00000000eab00000,0x00000000eb7fed20,0x00000000eb800000)
  from space 3072K, 84% used [0x00000000ebf80000,0x00000000ec207ca8,0x00000000ec280000)
  to   space 4608K, 0% used [0x00000000eb980000,0x00000000eb980000,0x00000000ebe00000)
 ParOldGen       total 123904K, used 94269K [0x00000000c0000000, 0x00000000c7900000, 0x00000000eab00000)
  object space 123904K, 76% used [0x00000000c0000000,0x00000000c5c0f650,0x00000000c7900000)
 Metaspace       used 54205K, committed 55040K, reserved 1097728K
  class space    used 6376K, committed 6720K, reserved 1048576K
}
Event: 6.579 GC heap after
{Heap after GC invocations=35 (full 4):
 PSYoungGen      total 17920K, used 4583K [0x00000000eab00000, 0x00000000ec400000, 0x0000000100000000)
  eden space 13312K, 0% used [0x00000000eab00000,0x00000000eab00000,0x00000000eb800000)
  from space 4608K, 99% used [0x00000000eb980000,0x00000000ebdf9f58,0x00000000ebe00000)
  to   space 6144K, 0% used [0x00000000ebe00000,0x00000000ebe00000,0x00000000ec400000)
 ParOldGen       total 123904K, used 95189K [0x00000000c0000000, 0x00000000c7900000, 0x00000000eab00000)
  object space 123904K, 76% used [0x00000000c0000000,0x00000000c5cf5418,0x00000000c7900000)
 Metaspace       used 54205K, committed 55040K, reserved 1097728K
  class space    used 6376K, committed 6720K, reserved 1048576K
}

